<?xml version="1.0" encoding="UTF-8"?>
<!-- Generated by org.testng.reporters.JUnitReportReporter -->
<testsuite hostname="LAPTOP-BM75QIK9" failures="0" tests="4" name="com.payroll.testcases.LogoutTest" time="177.861" errors="0" timestamp="2022-05-09T19:38:20 IST" skipped="0">
  <testcase classname="com.payroll.testcases.LogoutTest" name="logoutVerify" time="55.519"/>
  <system-out/>
  <testcase classname="com.payroll.testcases.LogoutTest" name="logoutVerify" time="55.519"/>
  <system-out/>
  <testcase classname="com.payroll.testcases.LogoutTest" name="logoutFullProfileLinkVerify" time="33.508"/>
  <system-out/>
  <testcase classname="com.payroll.testcases.LogoutTest" name="logoutFullProfileLinkVerify" time="33.315"/>
  <system-out/>
</testsuite> <!-- com.payroll.testcases.LogoutTest -->
