<?xml version="1.0" encoding="UTF-8"?>
<!-- Generated by org.testng.reporters.JUnitReportReporter -->
<testsuite hostname="LAPTOP-BM75QIK9" failures="0" tests="1" name="com.payroll.baseclass.BasePage" time="20.009" errors="0" timestamp="2022-04-26T15:50:15 IST" skipped="0">
  <testcase classname="com.payroll.baseclass.BasePage" name="setUpBrowser" time="20.009"/>
  <system-out/>
</testsuite> <!-- com.payroll.baseclass.BasePage -->
