<?xml version="1.0" encoding="UTF-8"?>
<!-- Generated by org.testng.reporters.JUnitReportReporter -->
<testsuite hostname="LAPTOP-BM75QIK9" failures="0" tests="2" name="com.payroll.testcases.CompanyTest" time="50.081" errors="0" timestamp="2022-05-09T19:25:04 IST" skipped="0">
  <testcase classname="com.payroll.testcases.CompanyTest" name="companyBtnVerify" time="34.270"/>
  <system-out/>
  <testcase classname="com.payroll.testcases.CompanyTest" name="companyBtnVerifyAlertMesg" time="15.811"/>
  <system-out/>
</testsuite> <!-- com.payroll.testcases.CompanyTest -->
