<?xml version="1.0" encoding="UTF-8"?>
<!-- Generated by org.testng.reporters.JUnitReportReporter -->
<testsuite hostname="LAPTOP-BM75QIK9" failures="0" tests="4" name="com.payroll.testcases.WorkersTest" time="188.395" errors="0" timestamp="2022-05-09T19:25:04 IST" skipped="0">
  <testcase classname="com.payroll.testcases.WorkersTest" name="verifyClientSearch" time="43.173"/>
  <system-out/>
  <testcase classname="com.payroll.testcases.WorkersTest" name="verifyFirstNameSearchBtn" time="27.232"/>
  <system-out/>
  <testcase classname="com.payroll.testcases.WorkersTest" name="verifyCreateWorkerPossible" time="30.732"/>
  <system-out/>
  <testcase classname="com.payroll.testcases.WorkersTest" name="createNewWorker1" time="87.258"/>
  <system-out/>
</testsuite> <!-- com.payroll.testcases.WorkersTest -->
