<?xml version="1.0" encoding="UTF-8"?>
<!-- Generated by org.testng.reporters.JUnitReportReporter -->
<testsuite hostname="LAPTOP-BM75QIK9" failures="0" tests="3" name="com.payroll.testcases.ReportTest" time="111.198" errors="0" timestamp="2022-05-09T19:25:04 IST" skipped="0">
  <testcase classname="com.payroll.testcases.ReportTest" name="verifyClientSearch" time="54.199"/>
  <system-out/>
  <testcase classname="com.payroll.testcases.ReportTest" name="verifyExportPageDetails" time="31.813"/>
  <system-out/>
  <testcase classname="com.payroll.testcases.ReportTest" name="verifyGraphicalData" time="25.186"/>
  <system-out/>
</testsuite> <!-- com.payroll.testcases.ReportTest -->
