<?xml version="1.0" encoding="UTF-8"?>
<!-- Generated by org.testng.reporters.JUnitReportReporter -->
<testsuite hostname="LAPTOP-BM75QIK9" failures="0" tests="1" name="other.BasePage" time="56.296" errors="0" timestamp="2022-04-26T17:04:16 IST" skipped="0">
  <testcase classname="other.BasePage" name="setUpBrowser" time="56.296"/>
  <system-out/>
</testsuite> <!-- other.BasePage -->
