<?xml version="1.0" encoding="UTF-8"?>
<!-- Generated by org.testng.reporters.JUnitReportReporter -->
<testsuite hostname="LAPTOP-BM75QIK9" failures="0" tests="1" name="other.CompnyTry" time="27.908" errors="0" timestamp="2022-04-29T19:56:09 IST" skipped="0">
  <testcase classname="other.CompnyTry" name="displayDetails" time="27.908"/>
  <system-out/>
</testsuite> <!-- other.CompnyTry -->
