<?xml version="1.0" encoding="UTF-8"?>
<!-- Generated by org.testng.reporters.JUnitReportReporter -->
<testsuite hostname="LAPTOP-BM75QIK9" failures="0" tests="3" name="com.payroll.testcases.PayslipTest" time="161.698" errors="0" timestamp="2022-05-09T19:25:04 IST" skipped="0">
  <testcase classname="com.payroll.testcases.PayslipTest" name="verifyPaySlipSummary" time="33.847"/>
  <system-out/>
  <testcase classname="com.payroll.testcases.PayslipTest" name="validateDownloadPayslip" time="98.917"/>
  <system-out/>
  <testcase classname="com.payroll.testcases.PayslipTest" name="validatePagination" time="28.934"/>
  <system-out/>
</testsuite> <!-- com.payroll.testcases.PayslipTest -->
