<?xml version="1.0" encoding="UTF-8"?>
<!-- Generated by org.testng.reporters.JUnitReportReporter -->
<testsuite hostname="LAPTOP-BM75QIK9" failures="0" tests="6" name="com.payroll.testcases.LoginTest" time="219.678" errors="0" timestamp="2022-05-09T19:25:04 IST" skipped="0">
  <testcase classname="com.payroll.testcases.LoginTest" name="validateURL" time="27.280"/>
  <system-out/>
  <testcase classname="com.payroll.testcases.LoginTest" name="loginTestTitle" time="47.908"/>
  <system-out/>
  <testcase classname="com.payroll.testcases.LoginTest" name="validateInvalidLogin1" time="26.939"/>
  <system-out/>
  <testcase classname="com.payroll.testcases.LoginTest" name="validateInvalidLogin1" time="49.970"/>
  <system-out/>
  <testcase classname="com.payroll.testcases.LoginTest" name="validateInvalidLogin" time="30.466"/>
  <system-out/>
  <testcase classname="com.payroll.testcases.LoginTest" name="validateReset" time="37.115"/>
  <system-out/>
</testsuite> <!-- com.payroll.testcases.LoginTest -->
