<?xml version="1.0" encoding="UTF-8"?>
<!-- Generated by org.testng.reporters.JUnitReportReporter -->
<testsuite hostname="LAPTOP-BM75QIK9" failures="0" tests="2" name="com.payroll.testcases.HomePageTest" time="66.361" errors="0" timestamp="2022-05-09T19:25:04 IST" skipped="0">
  <testcase classname="com.payroll.testcases.HomePageTest" name="validateHomeScreenMesg" time="41.385"/>
  <system-out/>
  <testcase classname="com.payroll.testcases.HomePageTest" name="homeValidateLogo" time="24.976"/>
  <system-out/>
</testsuite> <!-- com.payroll.testcases.HomePageTest -->
